2022-04-14 11:11:04.977 +08:00 [INF]  Sent: SendS1F13;'S1F13' W S1F13 'SystemBytes='0
    <L [2] 
        <A [10] 'MDLN=MRC01'>
        <A [14] 'SOFTREV=V04.01'>
    >
.
2022-04-14 11:11:38.282 +08:00 [INF]  Sent: SendS1F13;'S1F13' W S1F13 'SystemBytes='0
    <L [2] 
        <A [10] 'MDLN=MRC01'>
        <A [14] 'SOFTREV=V04.01'>
    >
.
2022-04-14 11:11:48.347 +08:00 [WRN] Secs已连接，请勿重复操作
2022-04-14 11:12:05.475 +08:00 [INF]  Sent: SendS1F13;'S1F13' W S1F13 'SystemBytes='0
    <L [2] 
        <A [10] 'MDLN=MRC01'>
        <A [14] 'SOFTREV=V04.01'>
    >
.
2022-04-14 11:12:05.611 +08:00 [INF]  Recd: 'S1F14'  S1F13 'SystemBytes='550006944
    <L [2] 
        <B [3] 00>
        <L [0] 
        >
    >
.
2022-04-14 11:12:05.612 +08:00 [INF] 接收到S1F14，握手成功！
2022-04-14 11:15:07.240 +08:00 [INF]  Sent: SendS6F11;'S6F11' W S6F11 'SystemBytes='0
    <L [3] 
        <U4 0>
        <U2 201>
        <L [0] 
        >
    >
.
2022-04-14 11:15:07.523 +08:00 [INF]  Recd: 'S6F12'  S6F11 'SystemBytes='550006945
    <B [3] 00>
.
2022-04-14 11:19:16.329 +08:00 [INF]  Sent: SendS6F11;'S6F11' W S6F11 'SystemBytes='0
    <L [3] 
        <U4 0>
        <U2 53>
        <L [0] 
        >
    >
.
2022-04-14 11:19:16.623 +08:00 [INF]  Recd: 'S6F12'  S6F11 'SystemBytes='550006946
    <B [3] 00>
.
2022-04-14 11:25:04.361 +08:00 [INF]  Sent: SendS6F11;'S6F11' W S6F11 'SystemBytes='0
    <L [3] 
        <U4 0>
        <U2 3>
        <L [0] 
        >
    >
.
2022-04-14 11:25:04.670 +08:00 [INF]  Recd: 'S6F12'  S6F11 'SystemBytes='550006947
    <B [3] 00>
.
